xrun(64): 25.09-s002: (c) Copyright 1995-2025 Cadence Design Systems, Inc.
TOOL:	xrun(64)	25.09-s002: Started on Jun 03, 2026 at 08:56:28 EEST
xrun
	-f xrun.f
		-uvm
		-access +rwc
		-timescale 1ns/1ns
		-linedebug
		-top top
		+incdir+../gen
		../gen/tb_pkg.sv
		../gen/pe_if.sv
		../gen/clkgen.sv
		../rtl/priority_encoder.sv
		../gen/top.sv
	+UVM_TESTNAME=rand_test
	+UVM_VERBOSITY=UVM_LOW

   User defined plus("+") options:
	+UVM_VERBOSITY=UVM_LOW

xrun: *W,BADPRF: The -linedebug option may have an adverse performance impact.
Recompiling... reason: file '../gen/clkgen.sv' is newer than expected.
	expected: Wed Jun  3 09:03:02 2026
	actual:   Wed Jun  3 09:04:10 2026
Compiling UVM packages (uvm_pkg.sv cdns_uvm_pkg.sv) using uvmhome location /opt/tools/lnx86/x86_64/CDN_DEPOT/XCELIUM_DEPOT/XCELIUM_25.09.002/tools/methodology/UVM/CDNS-1.1d
	Elaborating the design hierarchy:
		Caching library 'worklib' ....... Done
	Top level design units:
		worklib.uvm_pkg:sv (package)
		worklib.cdns_uvmapi:svp (package)
		worklib.cdns_assert2uvm_pkg:sv (package)
		worklib.cdns_uvm_pkg:sv (package)
		worklib.tb_pkg:sv (package)
		worklib.top:sv (module)
	Building instance overlay tables: .................... Done
	Building instance specific data structures.
	Loading native compiled code:     .................... Done
	Design hierarchy summary:
		                        Instances  Unique
		Modules:                        3       3
		Interfaces:                     1       1
		Verilog packages:               5       5
		Registers:                 14,694  10,296
		Scalar wires:                   5       -
		Vectored wires:                 3       -
		Named events:                   4      12
		Always blocks:                  1       1
		Initial blocks:               307     161
		Clocking blocks:                2       2
		Clocking items:                 6       6
		Parallel blocks:               26      27
		Pseudo assignments:             5       -
		Assertions:                     2       2
		Covergroup Instances:           0       1
		SV Class declarations:        206     318
		SV Class specializations:     406     406
		Simulation timescale:         1ns
	Writing initial simulation snapshot: worklib.top:sv
Loading snapshot worklib.top:sv .................... Done
SVSEED default: 1
xcelium> source /opt/tools/lnx86/x86_64/CDN_DEPOT/XCELIUM_DEPOT/XCELIUM_25.09.002/tools/xcelium/files/xmsimrc
xcelium> source /opt/tools/lnx86/x86_64/CDN_DEPOT/XCELIUM_DEPOT/XCELIUM_25.09.002/tools/methodology/UVM/CDNS-1.1d/additions/sv/files/tcl/uvm_sim.tcl
xcelium> run
----------------------------------------------------------------
CDNS-UVM-1.1d (25.09-s002)
(C) 2007-2013 Mentor Graphics Corporation
(C) 2007-2013 Cadence Design Systems, Inc.
(C) 2006-2013 Synopsys, Inc.
(C) 2011-2013 Cypress Semiconductor Corp.
----------------------------------------------------------------

  ***********       IMPORTANT RELEASE NOTES         ************

  You are using a version of the UVM library that has been compiled
  with `UVM_NO_DEPRECATED undefined.
  See http://www.eda.org/svdb/view.php?id=3313 for more details.

  You are using a version of the UVM library that has been compiled
  with `UVM_OBJECT_MUST_HAVE_CONSTRUCTOR undefined.
  See http://www.eda.org/svdb/view.php?id=3770 for more details.

      (Specify +UVM_NO_RELNOTES to turn off this notice)

UVM_INFO @ 0: reporter [RNTST] Running test rand_test...
UVM_INFO /opt/tools/lnx86/x86_64/CDN_DEPOT/XCELIUM_DEPOT/XCELIUM_25.09.002/tools/methodology/UVM/CDNS-1.1d/sv/src/base/uvm_objection.svh(1268) @ 5005: reporter [TEST_DONE] 'run' phase is ready to proceed to the 'extract' phase
UVM_INFO ../gen/sb_comparator.svh(90) @ 5005: uvm_test_top.e.sbd.cmp [PASSED] 


*** TEST PASSED - Vectors: 501 Ran / 501 Passed ***


--- UVM Report catcher Summary ---


Number of demoted UVM_FATAL reports  :    0
Number of demoted UVM_ERROR reports  :    0
Number of demoted UVM_WARNING reports:    0
Number of caught UVM_FATAL reports   :    0
Number of caught UVM_ERROR reports   :    0
Number of caught UVM_WARNING reports :    0

--- UVM Report Summary ---

** Report counts by severity
UVM_INFO :    3
UVM_WARNING :    0
UVM_ERROR :    0
UVM_FATAL :    0
** Report counts by id
[PASSED]     1
[RNTST]     1
[TEST_DONE]     1
Simulation complete via $finish(1) at time 5005 NS + 52
/opt/tools/lnx86/x86_64/CDN_DEPOT/XCELIUM_DEPOT/XCELIUM_25.09.002/tools/methodology/UVM/CDNS-1.1d/sv/src/base/uvm_root.svh:457     $finish;
xcelium> exit
TOOL:	xrun(64)	25.09-s002: Exiting on Jun 03, 2026 at 08:56:30 EEST  (total: 00:00:02)
